#
# There is insufficient memory for the Java Runtime Environment to continue.
# Native memory allocation (malloc) failed to allocate 32744 bytes for ChunkPool::allocate
# Possible reasons:
#   The system is out of physical RAM or swap space
#   In 32 bit mode, the process size limit was hit
# Possible solutions:
#   Reduce memory load on the system
#   Increase physical memory or swap space
#   Check if swap backing store is full
#   Use 64 bit Java on a 64 bit OS
#   Decrease Java heap size (-Xmx/-Xms)
#   Decrease number of Java threads
#   Decrease Java thread stack sizes (-Xss)
#   Set larger code cache with -XX:ReservedCodeCacheSize=
# This output file may be truncated or incomplete.
#
#  Out of Memory Error (allocation.cpp:273), pid=5076, tid=0x00000000000026d8
#
# JRE version: Java(TM) SE Runtime Environment (8.0_102-b14) (build 1.8.0_102-b14)
# Java VM: Java HotSpot(TM) 64-Bit Server VM (25.102-b14 mixed mode windows-amd64 compressed oops)
# Failed to write core dump. Minidumps are not enabled by default on client versions of Windows
#

---------------  T H R E A D  ---------------

Current thread (0x000000001b3a3000):  JavaThread "C2 CompilerThread1" daemon [_thread_in_native, id=9944, stack(0x000000001bb70000,0x000000001bc70000)]

Stack: [0x000000001bb70000,0x000000001bc70000]
[error occurred during error reporting (printing stack bounds), id 0xc0000005]

Native frames: (J=compiled Java code, j=interpreted, Vv=VM code, C=native code)


Current CompileTask:
C2:   2907 1711   !   4       java.net.URLClassLoader$1::run (63 bytes)


---------------  P R O C E S S  ---------------

Java Threads: ( => current thread )
  0x000000001b441800 JavaThread "Service Thread" daemon [_thread_blocked, id=14708, stack(0x000000001bd70000,0x000000001be70000)]
  0x000000001b3a7000 JavaThread "C1 CompilerThread2" daemon [_thread_blocked, id=7792, stack(0x000000001bc70000,0x000000001bd70000)]
=>0x000000001b3a3000 JavaThread "C2 CompilerThread1" daemon [_thread_in_native, id=9944, stack(0x000000001bb70000,0x000000001bc70000)]
  0x000000001b39c800 JavaThread "C2 CompilerThread0" daemon [_thread_in_native, id=16328, stack(0x000000001ba70000,0x000000001bb70000)]
  0x000000001b391000 JavaThread "Monitor Ctrl-Break" daemon [_thread_in_native, id=1104, stack(0x000000001b970000,0x000000001ba70000)]
  0x0000000019fbf000 JavaThread "Attach Listener" daemon [_thread_blocked, id=1156, stack(0x000000001b870000,0x000000001b970000)]
  0x000000001b378800 JavaThread "Signal Dispatcher" daemon [_thread_blocked, id=14956, stack(0x000000001b770000,0x000000001b870000)]
  0x0000000019f9a800 JavaThread "Finalizer" daemon [_thread_blocked, id=9592, stack(0x000000001b210000,0x000000001b310000)]
  0x0000000002ed0800 JavaThread "Reference Handler" daemon [_thread_blocked, id=9732, stack(0x000000001b110000,0x000000001b210000)]
  0x0000000002de2800 JavaThread "main" [_thread_blocked, id=6332, stack(0x0000000002be0000,0x0000000002ce0000)]

Other Threads:
  0x0000000019f78000 VMThread [stack: 0x000000001b010000,0x000000001b110000] [id=616]
  0x000000001b449000 WatcherThread [stack: 0x000000001be70000,0x000000001bf70000] [id=13152]

VM state:not at safepoint (normal execution)

VM Mutex/Monitor currently owned by a thread: None

Heap:
 PSYoungGen      total 57344K, used 952K [0x0000000780600000, 0x0000000784600000, 0x00000007c0000000)
  eden space 49152K, 1% used [0x0000000780600000,0x00000007806ee0f0,0x0000000783600000)
  from space 8192K, 0% used [0x0000000783e00000,0x0000000783e00000,0x0000000784600000)
  to   space 8192K, 0% used [0x0000000783600000,0x0000000783600000,0x0000000783e00000)
 ParOldGen       total 131072K, used 8894K [0x0000000701200000, 0x0000000709200000, 0x0000000780600000)
  object space 131072K, 6% used [0x0000000701200000,0x0000000701aafa68,0x0000000709200000)
 Metaspace       used 15453K, capacity 15786K, committed 15872K, reserved 1062912K
  class space    used 1922K, capacity 2013K, committed 2048K, reserved 1048576K

Card table byte_map: [0x00000000122a0000,0x00000000128a0000] byte_map_base: 0x000000000ea97000

Marking Bits: (ParMarkBitMap*) 0x00000000549fa6c0
 Begin Bits: [0x00000000130a0000, 0x0000000016058000)
 End Bits:   [0x0000000016058000, 0x0000000019010000)

Polling page: 0x0000000002690000

CodeCache: size=245760Kb used=6034Kb max_used=6034Kb free=239725Kb
 bounds [0x0000000002ee0000, 0x00000000034d0000, 0x0000000011ee0000]
 total_blobs=2132 nmethods=1786 adapters=258
 compilation: enabled

Compilation events (10 events):
Event: 2.454 Thread 0x000000001b3a7000 1787       3       java.util.Hashtable::<init> (114 bytes)
Event: 2.456 Thread 0x000000001b3a7000 nmethod 1787 0x00000000034b51d0 code [0x00000000034b54c0, 0x00000000034b68d8]
Event: 2.461 Thread 0x000000001b3a7000 1788       3       org.codehaus.plexus.classworlds.realm.ClassRealm::getClassRealmLoadingLock (14 bytes)
Event: 2.462 Thread 0x000000001b3a7000 nmethod 1788 0x00000000034b7210 code [0x00000000034b7380, 0x00000000034b7588]
Event: 2.462 Thread 0x000000001b3a7000 1789   !   3       org.codehaus.plexus.classworlds.realm.ClassRealm::loadClassFromSelf (40 bytes)
Event: 2.462 Thread 0x000000001b3a7000 nmethod 1789 0x00000000034b7610 code [0x00000000034b77c0, 0x00000000034b7e78]
Event: 2.467 Thread 0x000000001b3a7000 1790       3       sun.net.www.protocol.file.Handler::parseURL (18 bytes)
Event: 2.468 Thread 0x000000001b3a7000 nmethod 1790 0x00000000034b8110 code [0x00000000034b8280, 0x00000000034b84f8]
Event: 2.468 Thread 0x000000001b3a7000 1791       3       java.net.URLStreamHandler::parseURL (1158 bytes)
Event: 2.550 Thread 0x000000001b3a7000 nmethod 1791 0x00000000034b8610 code [0x00000000034b9140, 0x00000000034c2dd8]

GC Heap History (6 events):
Event: 1.290 GC heap before
{Heap before GC invocations=1 (full 0):
 PSYoungGen      total 57344K, used 49152K [0x0000000780600000, 0x0000000784600000, 0x00000007c0000000)
  eden space 49152K, 100% used [0x0000000780600000,0x0000000783600000,0x0000000783600000)
  from space 8192K, 0% used [0x0000000783e00000,0x0000000783e00000,0x0000000784600000)
  to   space 8192K, 0% used [0x0000000783600000,0x0000000783600000,0x0000000783e00000)
 ParOldGen       total 131072K, used 0K [0x0000000701200000, 0x0000000709200000, 0x0000000780600000)
  object space 131072K, 0% used [0x0000000701200000,0x0000000701200000,0x0000000709200000)
 Metaspace       used 9705K, capacity 9936K, committed 9984K, reserved 1058816K
  class space    used 1194K, capacity 1249K, committed 1280K, reserved 1048576K
Event: 1.300 GC heap after
Heap after GC invocations=1 (full 0):
 PSYoungGen      total 57344K, used 7048K [0x0000000780600000, 0x0000000784600000, 0x00000007c0000000)
  eden space 49152K, 0% used [0x0000000780600000,0x0000000780600000,0x0000000783600000)
  from space 8192K, 86% used [0x0000000783600000,0x0000000783ce2010,0x0000000783e00000)
  to   space 8192K, 0% used [0x0000000783e00000,0x0000000783e00000,0x0000000784600000)
 ParOldGen       total 131072K, used 16K [0x0000000701200000, 0x0000000709200000, 0x0000000780600000)
  object space 131072K, 0% used [0x0000000701200000,0x0000000701204000,0x0000000709200000)
 Metaspace       used 9705K, capacity 9936K, committed 9984K, reserved 1058816K
  class space    used 1194K, capacity 1249K, committed 1280K, reserved 1048576K
}
Event: 2.473 GC heap before
{Heap before GC invocations=2 (full 0):
 PSYoungGen      total 57344K, used 54342K [0x0000000780600000, 0x0000000784600000, 0x00000007c0000000)
  eden space 49152K, 96% used [0x0000000780600000,0x000000078342f918,0x0000000783600000)
  from space 8192K, 86% used [0x0000000783600000,0x0000000783ce2010,0x0000000783e00000)
  to   space 8192K, 0% used [0x0000000783e00000,0x0000000783e00000,0x0000000784600000)
 ParOldGen       total 131072K, used 16K [0x0000000701200000, 0x0000000709200000, 0x0000000780600000)
  object space 131072K, 0% used [0x0000000701200000,0x0000000701204000,0x0000000709200000)
 Metaspace       used 15453K, capacity 15786K, committed 15872K, reserved 1062912K
  class space    used 1922K, capacity 2013K, committed 2048K, reserved 1048576K
Event: 2.499 GC heap after
Heap after GC invocations=2 (full 0):
 PSYoungGen      total 57344K, used 8174K [0x0000000780600000, 0x0000000784600000, 0x00000007c0000000)
  eden space 49152K, 0% used [0x0000000780600000,0x0000000780600000,0x0000000783600000)
  from space 8192K, 99% used [0x0000000783e00000,0x00000007845fba08,0x0000000784600000)
  to   space 8192K, 0% used [0x0000000783600000,0x0000000783600000,0x0000000783e00000)
 ParOldGen       total 131072K, used 1064K [0x0000000701200000, 0x0000000709200000, 0x0000000780600000)
  object space 131072K, 0% used [0x0000000701200000,0x000000070130a2c0,0x0000000709200000)
 Metaspace       used 15453K, capacity 15786K, committed 15872K, reserved 1062912K
  class space    used 1922K, capacity 2013K, committed 2048K, reserved 1048576K
}
Event: 2.499 GC heap before
{Heap before GC invocations=3 (full 1):
 PSYoungGen      total 57344K, used 8174K [0x0000000780600000, 0x0000000784600000, 0x00000007c0000000)
  eden space 49152K, 0% used [0x0000000780600000,0x0000000780600000,0x0000000783600000)
  from space 8192K, 99% used [0x0000000783e00000,0x00000007845fba08,0x0000000784600000)
  to   space 8192K, 0% used [0x0000000783600000,0x0000000783600000,0x0000000783e00000)
 ParOldGen       total 131072K, used 1064K [0x0000000701200000, 0x0000000709200000, 0x0000000780600000)
  object space 131072K, 0% used [0x0000000701200000,0x000000070130a2c0,0x0000000709200000)
 Metaspace       used 15453K, capacity 15786K, committed 15872K, reserved 1062912K
  class space    used 1922K, capacity 2013K, committed 2048K, reserved 1048576K
Event: 2.542 GC heap after
Heap after GC invocations=3 (full 1):
 PSYoungGen      total 57344K, used 0K [0x0000000780600000, 0x0000000784600000, 0x00000007c0000000)
  eden space 49152K, 0% used [0x0000000780600000,0x0000000780600000,0x0000000783600000)
  from space 8192K, 0% used [0x0000000783e00000,0x0000000783e00000,0x0000000784600000)
  to   space 8192K, 0% used [0x0000000783600000,0x0000000783600000,0x0000000783e00000)
 ParOldGen       total 131072K, used 8894K [0x0000000701200000, 0x0000000709200000, 0x0000000780600000)
  object space 131072K, 6% used [0x0000000701200000,0x0000000701aafa68,0x0000000709200000)
 Metaspace       used 15453K, capacity 15786K, committed 15872K, reserved 1062912K
  class space    used 1922K, capacity 2013K, committed 2048K, reserved 1048576K
}

Deoptimization events (10 events):
Event: 1.979 Thread 0x0000000002de2800 Uncommon trap: reason=unstable_if action=reinterpret pc=0x00000000031d2c0c method=org.codehaus.plexus.util.xml.pull.MXParser.parseStartTag()I @ 443
Event: 2.090 Thread 0x0000000002de2800 Uncommon trap: reason=unstable_if action=reinterpret pc=0x00000000030ad9d0 method=java.lang.String.replace(CC)Ljava/lang/String; @ 2
Event: 2.123 Thread 0x0000000002de2800 Uncommon trap: reason=class_check action=maybe_recompile pc=0x000000000321ac88 method=java.util.HashMap.putVal(ILjava/lang/Object;Ljava/lang/Object;ZZ)Ljava/lang/Object; @ 203
Event: 2.182 Thread 0x0000000002de2800 Uncommon trap: reason=unstable_if action=reinterpret pc=0x00000000033e6488 method=sun.nio.cs.UTF_8$Decoder.decode([BII[C)I @ 30
Event: 2.183 Thread 0x0000000002de2800 Uncommon trap: reason=unstable_if action=reinterpret pc=0x000000000314b8f0 method=sun.nio.cs.UTF_8$Decoder.decodeArrayLoop(Ljava/nio/ByteBuffer;Ljava/nio/CharBuffer;)Ljava/nio/charset/CoderResult; @ 84
Event: 2.199 Thread 0x0000000002de2800 Uncommon trap: reason=class_check action=maybe_recompile pc=0x000000000321ac88 method=java.util.HashMap.putVal(ILjava/lang/Object;Ljava/lang/Object;ZZ)Ljava/lang/Object; @ 203
Event: 2.225 Thread 0x0000000002de2800 Uncommon trap: reason=unstable_if action=reinterpret pc=0x000000000345a9c4 method=org.codehaus.plexus.util.xml.pull.MXParser.nextImpl()I @ 1161
Event: 2.234 Thread 0x0000000002de2800 Uncommon trap: reason=unstable_if action=reinterpret pc=0x000000000329efe8 method=java.util.HashMap.hash(Ljava/lang/Object;)I @ 1
Event: 2.234 Thread 0x0000000002de2800 Uncommon trap: reason=unstable_if action=reinterpret pc=0x00000000032198a8 method=java.util.HashMap.hash(Ljava/lang/Object;)I @ 1
Event: 2.382 Thread 0x0000000002de2800 Uncommon trap: reason=bimorphic action=maybe_recompile pc=0x000000000342f26c method=java.util.regex.Pattern$CharProperty.match(Ljava/util/regex/Matcher;ILjava/lang/CharSequence;)Z @ 37

Internal exceptions (10 events):
Event: 0.817 Thread 0x0000000002de2800 Exception <a 'java/lang/ArrayIndexOutOfBoundsException'> (0x0000000781beaf00) thrown at [C:\re\workspace\8-2-build-windows-amd64-cygwin\jdk8u102\7268\hotspot\src\share\vm\runtime\sharedRuntime.cpp, line 605]
Event: 0.817 Thread 0x0000000002de2800 Exception <a 'java/lang/ArrayIndexOutOfBoundsException'> (0x0000000781bebc08) thrown at [C:\re\workspace\8-2-build-windows-amd64-cygwin\jdk8u102\7268\hotspot\src\share\vm\runtime\sharedRuntime.cpp, line 605]
Event: 1.020 Thread 0x0000000002de2800 Exception <a 'java/lang/ArrayIndexOutOfBoundsException': 73> (0x0000000782837970) thrown at [C:\re\workspace\8-2-build-windows-amd64-cygwin\jdk8u102\7268\hotspot\src\share\vm\interpreter\interpreterRuntime.cpp, line 366]
Event: 1.021 Thread 0x0000000002de2800 Exception <a 'java/lang/ArrayIndexOutOfBoundsException': 131> (0x0000000782839318) thrown at [C:\re\workspace\8-2-build-windows-amd64-cygwin\jdk8u102\7268\hotspot\src\share\vm\interpreter\interpreterRuntime.cpp, line 366]
Event: 1.771 Thread 0x0000000002de2800 Exception <a 'java/lang/NoClassDefFoundError': com/google/inject/servlet/ServletModuleTargetVisitor> (0x0000000781ea1360) thrown at [C:\re\workspace\8-2-build-windows-amd64-cygwin\jdk8u102\7268\hotspot\src\share\vm\classfile\systemDictionary.cpp, line 199]§pçVü?
Event: 1.771 Thread 0x0000000002de2800 Exception <a 'java/lang/NoClassDefFoundError'> (0x0000000781ea1360) thrown at [C:\re\workspace\8-2-build-windows-amd64-cygwin\jdk8u102\7268\hotspot\src\share\vm\prims\jvm.cpp, line 1390]
Event: 1.771 Thread 0x0000000002de2800 Exception <a 'java/lang/NoClassDefFoundError': javax/annotation/Priority> (0x0000000781ea5de0) thrown at [C:\re\workspace\8-2-build-windows-amd64-cygwin\jdk8u102\7268\hotspot\src\share\vm\classfile\systemDictionary.cpp, line 199]
Event: 1.959 Thread 0x0000000002de2800 Implicit null exception at 0x00000000030c2e5b to 0x00000000030c3045
Event: 2.234 Thread 0x0000000002de2800 Implicit null exception at 0x000000000329edd5 to 0x000000000329efd9
Event: 2.234 Thread 0x0000000002de2800 Implicit null exception at 0x000000000321982f to 0x0000000003219899

Events (10 events):
Event: 2.465 loading class org/apache/maven/plugin/clean/Cleaner$3
Event: 2.465 loading class org/apache/maven/plugin/clean/Cleaner$3 done
Event: 2.467 loading class org/apache/maven/plugin/clean/Cleaner$Result
Event: 2.467 loading class org/apache/maven/plugin/clean/Cleaner$Result done
Event: 2.467 loading class org/apache/maven/plugin/clean/Cleaner$Result
Event: 2.467 loading class org/apache/maven/plugin/clean/Cleaner$Result done
Event: 2.467 loading class org/apache/maven/plugin/clean/Cleaner$Result
Event: 2.467 loading class org/apache/maven/plugin/clean/Cleaner$Result done
Event: 2.473 Executing VM operation: ParallelGCSystemGC
Event: 2.542 Executing VM operation: ParallelGCSystemGC done


Dynamic libraries:
0x00007ff7202f0000 - 0x00007ff720327000 	C:\Program Files\Java\jdk1.8.0_102\bin\java.exe
0x00007fff659d0000 - 0x00007fff65ba1000 	C:\WINDOWS\SYSTEM32\ntdll.dll
0x00007fff64e10000 - 0x00007fff64ebb000 	C:\WINDOWS\System32\KERNEL32.DLL
0x00007fff61f20000 - 0x00007fff6213d000 	C:\WINDOWS\System32\KERNELBASE.dll
0x00007fff655d0000 - 0x00007fff65672000 	C:\WINDOWS\System32\ADVAPI32.dll
0x00007fff64f20000 - 0x00007fff64fbe000 	C:\WINDOWS\System32\msvcrt.dll
0x00007fff64db0000 - 0x00007fff64e09000 	C:\WINDOWS\System32\sechost.dll
0x00007fff65680000 - 0x00007fff657a1000 	C:\WINDOWS\System32\RPCRT4.dll
0x00007fff62e70000 - 0x00007fff62fd5000 	C:\WINDOWS\System32\USER32.dll
0x00007fff61d70000 - 0x00007fff61d8e000 	C:\WINDOWS\System32\win32u.dll
0x00007fff649a0000 - 0x00007fff649d4000 	C:\WINDOWS\System32\GDI32.dll
0x00007fff622e0000 - 0x00007fff62462000 	C:\WINDOWS\System32\gdi32full.dll
0x00007fff55d90000 - 0x00007fff56009000 	C:\WINDOWS\WinSxS\amd64_microsoft.windows.common-controls_6595b64144ccf1df_6.0.14393.447_none_42191651c6827bb3\COMCTL32.dll
0x00007fff649e0000 - 0x00007fff64ca8000 	C:\WINDOWS\System32\combase.dll
0x00007fff61c70000 - 0x00007fff61d65000 	C:\WINDOWS\System32\ucrtbase.dll
0x00007fff61e40000 - 0x00007fff61eaa000 	C:\WINDOWS\System32\bcryptPrimitives.dll
0x00007fff659a0000 - 0x00007fff659ce000 	C:\WINDOWS\System32\IMM32.DLL
0x0000000054a80000 - 0x0000000054b51000 	C:\Program Files\Java\jdk1.8.0_102\jre\bin\msvcr100.dll
0x00000000541e0000 - 0x0000000054a7a000 	C:\Program Files\Java\jdk1.8.0_102\jre\bin\server\jvm.dll
0x00007fff62d70000 - 0x00007fff62d93000 	C:\WINDOWS\System32\WINMM.dll
0x00007fff61c30000 - 0x00007fff61c5b000 	C:\WINDOWS\System32\WINMMBASE.dll
0x00007fff62140000 - 0x00007fff62182000 	C:\WINDOWS\System32\cfgmgr32.dll
0x00007fff555e0000 - 0x00007fff555e9000 	C:\WINDOWS\SYSTEM32\WSOCK32.dll
0x00007fff657d0000 - 0x00007fff657d8000 	C:\WINDOWS\System32\PSAPI.DLL
0x00007fff52dd0000 - 0x00007fff52dda000 	C:\WINDOWS\SYSTEM32\VERSION.dll
0x00007fff64fc0000 - 0x00007fff6502a000 	C:\WINDOWS\System32\WS2_32.dll
0x00000000541d0000 - 0x00000000541df000 	C:\Program Files\Java\jdk1.8.0_102\jre\bin\verify.dll
0x00000000541a0000 - 0x00000000541c9000 	C:\Program Files\Java\jdk1.8.0_102\jre\bin\java.dll
0x0000000053fe0000 - 0x0000000054003000 	C:\Program Files\Java\jdk1.8.0_102\jre\bin\instrument.dll
0x0000000054180000 - 0x0000000054196000 	C:\Program Files\Java\jdk1.8.0_102\jre\bin\zip.dll
0x00007fff633f0000 - 0x00007fff648f9000 	C:\WINDOWS\System32\SHELL32.dll
0x00007fff62690000 - 0x00007fff62d6a000 	C:\WINDOWS\System32\windows.storage.dll
0x00007fff62640000 - 0x00007fff6268c000 	C:\WINDOWS\System32\powrprof.dll
0x00007fff65920000 - 0x00007fff65972000 	C:\WINDOWS\System32\shlwapi.dll
0x00007fff61c60000 - 0x00007fff61c6f000 	C:\WINDOWS\System32\kernel.appcore.dll
0x00007fff61d90000 - 0x00007fff61e39000 	C:\WINDOWS\System32\shcore.dll
0x00007fff61c10000 - 0x00007fff61c24000 	C:\WINDOWS\System32\profapi.dll
0x00007fff4bc40000 - 0x00007fff4bc5a000 	C:\Program Files\JetBrains\IntelliJ IDEA Community Edition 2017.1.3\bin\breakgen64.dll
0x0000000054160000 - 0x000000005417a000 	C:\Program Files\Java\jdk1.8.0_102\jre\bin\net.dll
0x00007fff61500000 - 0x00007fff6155c000 	C:\WINDOWS\system32\mswsock.dll
0x0000000054050000 - 0x0000000054061000 	C:\Program Files\Java\jdk1.8.0_102\jre\bin\nio.dll

VM Arguments:
jvm_args: -Dmaven.multiModuleProjectDirectory=C:\Users\zhangcheng\IdeaProjects\myspark06 -Dmaven.home=C:\Program Files\apache-maven-3.3.9 -Dclassworlds.conf=C:\Program Files\apache-maven-3.3.9\bin\m2.conf -javaagent:C:\Program Files\JetBrains\IntelliJ IDEA Community Edition 2017.1.3\lib\idea_rt.jar=62334:C:\Program Files\JetBrains\IntelliJ IDEA Community Edition 2017.1.3\bin -Dfile.encoding=UTF-8 
java_command: org.codehaus.classworlds.Launcher -Didea.version=2017.1.3 -s C:\Program Files\apache-maven-3.3.9\conf\settings.xml clean
java_class_path (initial): C:\Program Files\apache-maven-3.3.9\boot\plexus-classworlds-2.5.2.jar;C:\Program Files\JetBrains\IntelliJ IDEA Community Edition 2017.1.3\lib\idea_rt.jar
Launcher Type: SUN_STANDARD

Environment Variables:
JAVA_HOME=C:\Program Files\Java\jdk1.8.0_102
PATH=C:\Program Files (x86)\Sun\Common Array Manager\Component\sscs\bin;C:\Program Files (x86)\Sun\Common Array Manager\lib\scsi;C:\Program Files (x86)\Sun\Common Array Manager\Component\fms\lib;C:\Program Files\Java\jdk1.8.0_102\bin;C:\Program Files (x86)\Tencent\QQ\Bin;C:\Program Files (x86)\Common Files\NetSarang;C:\Program Files (x86)\Intel\iCLS Client\;C:\Program Files\Intel\iCLS Client\;C:\WINDOWS\system32;C:\WINDOWS;C:\WINDOWS\System32\Wbem;C:\WINDOWS\System32\WindowsPowerShell\v1.0\;C:\Program Files\Intel\Intel(R) Management Engine Components\DAL;C:\Program Files (x86)\Intel\Intel(R) Management Engine Components\DAL;C:\Program Files\Intel\Intel(R) Management Engine Components\IPT;C:\Program Files (x86)\Intel\Intel(R) Management Engine Components\IPT;C:\Program Files (x86)\ATI Technologies\ATI.ACE\Core-Static;C:\ProgramData\Lenovo\ReadyApps;C:\Program Files (x86)\SecureCRT\;C:\Program Files (x86)\Java\jdk1.6.0_20\bin;C:\Program Files (x86)\QuickTime\QTSystem\;c:\Program Files (x86)\Microsoft SQL Server\100\Tools\Binn\;c:\Program Files\Microsoft SQL Server\100\Tools\Binn\;c:\Program Files\Microsoft SQL Server\100\DTS\Binn\;c:\Program Files (x86)\Microsoft SQL Server\100\Tools\Binn\VSShell\Common7\IDE\;c:\Program Files (x86)\Microsoft Visual Studio 9.0\Common7\IDE\PrivateAssemblies\;c:\Program Files (x86)\Microsoft SQL Server\100\DTS\Binn\;C:\Program Files\apache-maven-3.3.9\bin;C:\Program Files\Java\jdk1.8.0_102\jre\bin;C:\Program Files\scala-2.12.2\bin;%SPARK_HOME%\bin;%SPARK_HOME%\sbin;C:\Program Files\Java\jdk1.8.0_102\bin;C:\Program Files (x86)\Tencent\QQ\Bin:C:\Program Files (x86)\SSH Communications Security\SSH Secure Shell;C:\Users\zhangcheng\AppData\Local\Microsoft\WindowsApps;C:\Program Files\MySQL\MySQL Server 5.5\/bin;C:\Program Files\apache-maven-3.3.9\bin;D:\hadoop-2.7.3\bin;C:\Program Files\Java\jdk1.8.0_102\jre\bin;C:\Program Files\spark-2.1.1-bin-without-hadoop\bin;C:\Program Files\spark-2.1.1-bin-without-hadoop\sbin
USERNAME=zhangcheng
OS=Windows_NT
PROCESSOR_IDENTIFIER=Intel64 Family 6 Model 69 Stepping 1, GenuineIntel



---------------  S Y S T E M  ---------------

OS: Windows 10.0 , 64 bit Build 14393 (10.0.14393.0)

CPU:total 4 (2 cores per cpu, 2 threads per core) family 6 model 69 stepping 1, cmov, cx8, fxsr, mmx, sse, sse2, sse3, ssse3, sse4.1, sse4.2, popcnt, avx, avx2, aes, clmul, erms, lzcnt, ht, tsc, tscinvbit, bmi1, bmi2

Memory: 4k page, physical 12504340k(1782848k free), swap 14601492k(4108k free)

vm_info: Java HotSpot(TM) 64-Bit Server VM (25.102-b14) for windows-amd64 JRE (1.8.0_102-b14), built on Jun 22 2016 13:15:21 by "java_re" with MS VC++ 10.0 (VS2010)

time: Thu Jun 01 11:13:57 2017
elapsed time: 2 seconds (0d 0h 0m 2s)

